{
  "stats": {
    "suites": 1,
    "tests": 1,
    "passes": 1,
    "pending": 0,
    "failures": 0,
    "start": "2022-08-07T04:56:08.167Z",
    "end": "2022-08-07T04:56:11.959Z",
    "duration": 3792,
    "testsRegistered": 1,
    "passPercent": 100,
    "pendingPercent": 0,
    "other": 0,
    "hasOther": false,
    "skipped": 0,
    "hasSkipped": false
  },
  "results": [
    {
      "uuid": "ae516333-9065-4dff-a271-55a902f7ed1e",
      "title": "",
      "fullFile": "cypress/e2e/logout.cy.js",
      "file": "cypress/e2e/logout.cy.js",
      "beforeHooks": [],
      "afterHooks": [],
      "tests": [],
      "suites": [
        {
          "uuid": "71b9753e-270f-4c08-986b-130e25ac2aee",
          "title": "empty spec",
          "fullFile": "",
          "file": "",
          "beforeHooks": [],
          "afterHooks": [],
          "tests": [
            {
              "title": "passes",
              "fullTitle": "empty spec passes",
              "timedOut": null,
              "duration": 3018,
              "state": "passed",
              "speed": "fast",
              "pass": true,
              "fail": false,
              "pending": false,
              "context": null,
              "code": "cy.visit('https://www.saucedemo.com');\ncy.get('[data-test=\"username\"]').click().type('standard_user');\ncy.get('[data-test=\"password\"]').click().type('secret_sauce');\ncy.get('[data-test=\"login-button\"]').click();\ncy.get('#react-burger-menu-btn').click().wait(2000);\ncy.get('#logout_sidebar_link').click();\ncy.url().should('eq', 'https://www.saucedemo.com/');",
              "err": {},
              "uuid": "9dbde50b-5aa0-4987-b3b0-d0f9cdabac89",
              "parentUUID": "71b9753e-270f-4c08-986b-130e25ac2aee",
              "isHook": false,
              "skipped": false
            }
          ],
          "suites": [],
          "passes": [
            "9dbde50b-5aa0-4987-b3b0-d0f9cdabac89"
          ],
          "failures": [],
          "pending": [],
          "skipped": [],
          "duration": 3018,
          "root": false,
          "rootEmpty": false,
          "_timeout": 2000
        }
      ],
      "passes": [],
      "failures": [],
      "pending": [],
      "skipped": [],
      "duration": 0,
      "root": true,
      "rootEmpty": true,
      "_timeout": 2000
    }
  ],
  "meta": {
    "mocha": {
      "version": "7.0.1"
    },
    "mochawesome": {
      "options": {
        "quiet": false,
        "reportFilename": "mochawesome",
        "saveHtml": true,
        "saveJson": true,
        "consoleReporter": "spec",
        "useInlineDiffs": false,
        "code": true
      },
      "version": "7.1.3"
    },
    "marge": {
      "options": {
        "reportDir": "cypress/results",
        "overwrite": true,
        "html": true,
        "json": true,
        "mochaFile": "results/saucedemoresults-[hash].xml"
      },
      "version": "6.2.0"
    }
  }
}